Build started 12/04/2013 00:13:52.
     1>Project "C:\Users\Vincent\Documents\Visual Studio 2010\XibBuilder\libxmlsharp\wrapper\libxml_wrapper.vcxproj" on node 2 (build target(s)).
     1>InitializeBuildStatus:
         Creating "Debug\libxml_wrapper.unsuccessfulbuild" because "AlwaysCreate" was specified.
       ClCompile:
         c:\Program Files (x86)\Microsoft Visual Studio 10.0\VC\bin\CL.exe /c /I"libxml2-2.7.8.win32\include" /I"libiconv-1.9.2-1-src\src\libiconv\1.9.2\libiconv-1.9.2\include" /ZI /nologo /W3 /WX- /Od /Oy- /D WIN32 /D _DEBUG /D _WINDOWS /D _USRDLL /D LIBXML_WRAPPER_EXPORTS /D _WINDLL /D _UNICODE /D UNICODE /Gm /EHsc /RTC1 /MDd /GS /fp:precise /Zc:wchar_t /Zc:forScope /Fo"Debug\\" /Fd"Debug\vc100.pdb" /Gd /TC /analyze- /errorReport:prompt libxml_wrapper.c
         libxml_wrapper.c
       ManifestResourceCompile:
         All outputs are up-to-date.
       Link:
         c:\Program Files (x86)\Microsoft Visual Studio 10.0\VC\bin\link.exe /ERRORREPORT:PROMPT /OUT:"C:\Users\Vincent\Documents\Visual Studio 2010\XibBuilder\libxmlsharp\bin\Debug\libxml_wrapper.dll" /INCREMENTAL /NOLOGO /LIBPATH:"libxml2-2.7.8.win32\lib" libxml2.lib kernel32.lib user32.lib gdi32.lib winspool.lib comdlg32.lib advapi32.lib shell32.lib ole32.lib oleaut32.lib uuid.lib odbc32.lib odbccp32.lib /MANIFEST /ManifestFile:"Debug\libxml_wrapper.dll.intermediate.manifest" /MANIFESTUAC:"level='asInvoker' uiAccess='false'" /DEBUG /PDB:"C:\Users\Vincent\Documents\Visual Studio 2010\XibBuilder\libxmlsharp\bin\Debug\libxml_wrapper.pdb" /SUBSYSTEM:WINDOWS /TLBID:1 /DYNAMICBASE /NXCOMPAT /IMPLIB:"C:\Users\Vincent\Documents\Visual Studio 2010\XibBuilder\libxmlsharp\bin\Debug\libxml_wrapper.lib" /MACHINE:X86 /DLL Debug\libxml_wrapper.dll.embed.manifest.res
         Debug\libxml_wrapper.obj
       Manifest:
         C:\Program Files (x86)\Microsoft SDKs\Windows\v7.0A\bin\mt.exe /nologo /verbose /out:"Debug\libxml_wrapper.dll.embed.manifest" /manifest Debug\libxml_wrapper.dll.intermediate.manifest
         All outputs are up-to-date.
       LinkEmbedManifest:
         All outputs are up-to-date.
         libxml_wrapper.vcxproj -> C:\Users\Vincent\Documents\Visual Studio 2010\XibBuilder\libxmlsharp\bin\Debug\libxml_wrapper.dll
       FinalizeBuildStatus:
         Deleting file "Debug\libxml_wrapper.unsuccessfulbuild".
         Touching "Debug\libxml_wrapper.lastbuildstate".
     1>Done Building Project "C:\Users\Vincent\Documents\Visual Studio 2010\XibBuilder\libxmlsharp\wrapper\libxml_wrapper.vcxproj" (build target(s)).

Build succeeded.

Time Elapsed 00:00:00.35
