C:\USERS\VINCENT\DOCUMENTS\VISUAL STUDIO 2010\XIBBUILDER\LIBXMLSHARP\BIN\DEBUG\LIBXML_WRAPPER.DLL
C:\Users\Vincent\Documents\Visual Studio 2010\XibBuilder\libxmlsharp\bin\Debug\libxml_wrapper.exp
C:\USERS\VINCENT\DOCUMENTS\VISUAL STUDIO 2010\XIBBUILDER\LIBXMLSHARP\BIN\DEBUG\LIBXML_WRAPPER.ILK
C:\Users\Vincent\Documents\Visual Studio 2010\XibBuilder\libxmlsharp\bin\Debug\libxml_wrapper.lib
C:\USERS\VINCENT\DOCUMENTS\VISUAL STUDIO 2010\XIBBUILDER\LIBXMLSHARP\BIN\DEBUG\LIBXML_WRAPPER.PDB
C:\Users\Vincent\Documents\Visual Studio 2010\XibBuilder\libxmlsharp\wrapper\Debug\cl.command.1.tlog
C:\Users\Vincent\Documents\Visual Studio 2010\XibBuilder\libxmlsharp\wrapper\Debug\CL.read.1.tlog
C:\Users\Vincent\Documents\Visual Studio 2010\XibBuilder\libxmlsharp\wrapper\Debug\CL.write.1.tlog
C:\USERS\VINCENT\DOCUMENTS\VISUAL STUDIO 2010\XIBBUILDER\LIBXMLSHARP\WRAPPER\DEBUG\LIBXML_WRAPPER.DLL.EMBED.MANIFEST
C:\USERS\VINCENT\DOCUMENTS\VISUAL STUDIO 2010\XIBBUILDER\LIBXMLSHARP\WRAPPER\DEBUG\LIBXML_WRAPPER.DLL.EMBED.MANIFEST.RES
C:\USERS\VINCENT\DOCUMENTS\VISUAL STUDIO 2010\XIBBUILDER\LIBXMLSHARP\WRAPPER\DEBUG\LIBXML_WRAPPER.DLL.INTERMEDIATE.MANIFEST
C:\USERS\VINCENT\DOCUMENTS\VISUAL STUDIO 2010\XIBBUILDER\LIBXMLSHARP\WRAPPER\DEBUG\LIBXML_WRAPPER.OBJ
C:\Users\Vincent\Documents\Visual Studio 2010\XibBuilder\libxmlsharp\wrapper\Debug\libxml_wrapper.vcxprojResolveAssemblyReference.cache
C:\Users\Vincent\Documents\Visual Studio 2010\XibBuilder\libxmlsharp\wrapper\Debug\libxml_wrapper.write.1.tlog
C:\Users\Vincent\Documents\Visual Studio 2010\XibBuilder\libxmlsharp\wrapper\Debug\libxml_wrapper_manifest.rc
C:\Users\Vincent\Documents\Visual Studio 2010\XibBuilder\libxmlsharp\wrapper\Debug\link.6120.read.1.tlog
C:\Users\Vincent\Documents\Visual Studio 2010\XibBuilder\libxmlsharp\wrapper\Debug\link.6120.write.1.tlog
C:\Users\Vincent\Documents\Visual Studio 2010\XibBuilder\libxmlsharp\wrapper\Debug\link.6120-cvtres.read.1.tlog
C:\Users\Vincent\Documents\Visual Studio 2010\XibBuilder\libxmlsharp\wrapper\Debug\link.6120-cvtres.write.1.tlog
C:\Users\Vincent\Documents\Visual Studio 2010\XibBuilder\libxmlsharp\wrapper\Debug\link.command.1.tlog
C:\Users\Vincent\Documents\Visual Studio 2010\XibBuilder\libxmlsharp\wrapper\Debug\link.read.1.tlog
C:\Users\Vincent\Documents\Visual Studio 2010\XibBuilder\libxmlsharp\wrapper\Debug\link.write.1.tlog
C:\Users\Vincent\Documents\Visual Studio 2010\XibBuilder\libxmlsharp\wrapper\Debug\link-cvtres.read.1.tlog
C:\Users\Vincent\Documents\Visual Studio 2010\XibBuilder\libxmlsharp\wrapper\Debug\link-cvtres.write.1.tlog
C:\Users\Vincent\Documents\Visual Studio 2010\XibBuilder\libxmlsharp\wrapper\Debug\mt.command.1.tlog
C:\Users\Vincent\Documents\Visual Studio 2010\XibBuilder\libxmlsharp\wrapper\Debug\mt.read.1.tlog
C:\Users\Vincent\Documents\Visual Studio 2010\XibBuilder\libxmlsharp\wrapper\Debug\mt.write.1.tlog
C:\Users\Vincent\Documents\Visual Studio 2010\XibBuilder\libxmlsharp\wrapper\Debug\rc.command.1.tlog
C:\Users\Vincent\Documents\Visual Studio 2010\XibBuilder\libxmlsharp\wrapper\Debug\rc.read.1.tlog
C:\Users\Vincent\Documents\Visual Studio 2010\XibBuilder\libxmlsharp\wrapper\Debug\rc.write.1.tlog
C:\Users\Vincent\Documents\Visual Studio 2010\XibBuilder\libxmlsharp\wrapper\Debug\vc100.idb
C:\USERS\VINCENT\DOCUMENTS\VISUAL STUDIO 2010\XIBBUILDER\LIBXMLSHARP\WRAPPER\DEBUG\VC100.PDB
